<?xml version="1.0" encoding="UTF-8"?>
<testsuite name="pl.infoshareacademy.reportService.UpdateRESTTimerThreadTest" time="0.812" tests="4" errors="1" skipped="0" failures="0">
  <properties>
    <property name="idea.version" value="2017.2.5"/>
    <property name="java.runtime.name" value="OpenJDK Runtime Environment"/>
    <property name="sun.boot.library.path" value="/usr/lib/jvm/java-8-openjdk-amd64/jre/lib/amd64"/>
    <property name="java.vm.version" value="25.131-b11"/>
    <property name="java.vm.vendor" value="Oracle Corporation"/>
    <property name="maven.multiModuleProjectDirectory" value="/home/bodzio/IdeaProjects/jjdd2-gang-swiezakow"/>
    <property name="java.vendor.url" value="http://java.oracle.com/"/>
    <property name="path.separator" value=":"/>
    <property name="guice.disable.misplaced.annotation.check" value="true"/>
    <property name="java.vm.name" value="OpenJDK 64-Bit Server VM"/>
    <property name="file.encoding.pkg" value="sun.io"/>
    <property name="user.country" value="US"/>
    <property name="sun.java.launcher" value="SUN_STANDARD"/>
    <property name="sun.os.patch.level" value="unknown"/>
    <property name="java.vm.specification.name" value="Java Virtual Machine Specification"/>
    <property name="user.dir" value="/home/bodzio/IdeaProjects/jjdd2-gang-swiezakow"/>
    <property name="java.runtime.version" value="1.8.0_131-8u131-b11-2ubuntu1.16.04.3-b11"/>
    <property name="java.awt.graphicsenv" value="sun.awt.X11GraphicsEnvironment"/>
    <property name="java.endorsed.dirs" value="/usr/lib/jvm/java-8-openjdk-amd64/jre/lib/endorsed"/>
    <property name="os.arch" value="amd64"/>
    <property name="java.io.tmpdir" value="/tmp"/>
    <property name="line.separator" value="&#10;"/>
    <property name="java.vm.specification.vendor" value="Oracle Corporation"/>
    <property name="os.name" value="Linux"/>
    <property name="classworlds.conf" value="/usr/share/maven/bin/m2.conf"/>
    <property name="sun.jnu.encoding" value="UTF-8"/>
    <property name="java.library.path" value="/home/bodzio/idea-IU-172.4343.14/bin::/usr/java/packages/lib/amd64:/usr/lib/x86_64-linux-gnu/jni:/lib/x86_64-linux-gnu:/usr/lib/x86_64-linux-gnu:/usr/lib/jni:/lib:/usr/lib"/>
    <property name="java.specification.name" value="Java Platform API Specification"/>
    <property name="java.class.version" value="52.0"/>
    <property name="sun.management.compiler" value="HotSpot 64-Bit Tiered Compilers"/>
    <property name="os.version" value="4.10.0-38-generic"/>
    <property name="user.home" value="/home/bodzio"/>
    <property name="user.timezone" value="Europe/Warsaw"/>
    <property name="java.awt.printerjob" value="sun.print.PSPrinterJob"/>
    <property name="java.specification.version" value="1.8"/>
    <property name="file.encoding" value="UTF-8"/>
    <property name="user.name" value="bodzio"/>
    <property name="java.class.path" value="/usr/share/maven/boot/plexus-classworlds-2.x.jar:/home/bodzio/idea-IU-172.4343.14/lib/idea_rt.jar"/>
    <property name="java.vm.specification.version" value="1.8"/>
    <property name="sun.arch.data.model" value="64"/>
    <property name="java.home" value="/usr/lib/jvm/java-8-openjdk-amd64/jre"/>
    <property name="sun.java.command" value="org.codehaus.classworlds.Launcher -Didea.version=2017.2.5 clean validate compile test package verify install"/>
    <property name="java.specification.vendor" value="Oracle Corporation"/>
    <property name="user.language" value="en"/>
    <property name="awt.toolkit" value="sun.awt.X11.XToolkit"/>
    <property name="java.vm.info" value="mixed mode"/>
    <property name="java.version" value="1.8.0_131"/>
    <property name="java.ext.dirs" value="/usr/lib/jvm/java-8-openjdk-amd64/jre/lib/ext:/usr/java/packages/lib/ext"/>
    <property name="securerandom.source" value="file:/dev/./urandom"/>
    <property name="sun.boot.class.path" value="/usr/lib/jvm/java-8-openjdk-amd64/jre/lib/resources.jar:/usr/lib/jvm/java-8-openjdk-amd64/jre/lib/rt.jar:/usr/lib/jvm/java-8-openjdk-amd64/jre/lib/sunrsasign.jar:/usr/lib/jvm/java-8-openjdk-amd64/jre/lib/jsse.jar:/usr/lib/jvm/java-8-openjdk-amd64/jre/lib/jce.jar:/usr/lib/jvm/java-8-openjdk-amd64/jre/lib/charsets.jar:/usr/lib/jvm/java-8-openjdk-amd64/jre/lib/jfr.jar:/usr/lib/jvm/java-8-openjdk-amd64/jre/classes"/>
    <property name="java.vendor" value="Oracle Corporation"/>
    <property name="maven.home" value="/usr/share/maven"/>
    <property name="file.separator" value="/"/>
    <property name="java.vendor.url.bug" value="http://bugreport.sun.com/bugreport/"/>
    <property name="sun.cpu.endian" value="little"/>
    <property name="sun.io.unicode.encoding" value="UnicodeLittle"/>
    <property name="sun.desktop" value="gnome"/>
    <property name="sun.cpu.isalist" value=""/>
  </properties>
  <testcase name="updateDataInReportModuleTest" classname="pl.infoshareacademy.reportService.UpdateRESTTimerThreadTest" time="0.601"/>
  <testcase name="getActualTasksTest" classname="pl.infoshareacademy.reportService.UpdateRESTTimerThreadTest" time="0.027">
    <error message="RESTEASY003145: Unable to find a MessageBodyReader of content-type text/html;charset=UTF-8 and type class [Lpl.infoshareacademy.reportService.ModelsStore.RecipientModel;" type="javax.ws.rs.ProcessingException">javax.ws.rs.ProcessingException: RESTEASY003145: Unable to find a MessageBodyReader of content-type text/html;charset=UTF-8 and type class [Lpl.infoshareacademy.reportService.ModelsStore.RecipientModel;
	at org.jboss.resteasy.core.interception.jaxrs.ClientReaderInterceptorContext.throwReaderNotFound(ClientReaderInterceptorContext.java:42)
	at org.jboss.resteasy.core.interception.jaxrs.AbstractReaderInterceptorContext.getReader(AbstractReaderInterceptorContext.java:80)
	at org.jboss.resteasy.core.interception.jaxrs.AbstractReaderInterceptorContext.proceed(AbstractReaderInterceptorContext.java:53)
	at org.jboss.resteasy.client.jaxrs.internal.ClientResponse.readFrom(ClientResponse.java:248)
	at org.jboss.resteasy.client.jaxrs.internal.ClientResponse.readEntity(ClientResponse.java:178)
	at org.jboss.resteasy.specimpl.BuiltResponse.readEntity(BuiltResponse.java:218)
	at pl.infoshareacademy.reportService.UpdateRESTTimerThread.getActualTasks(UpdateRESTTimerThread.java:44)
	at pl.infoshareacademy.reportService.UpdateRESTTimerThreadTest.getActualTasksTest(UpdateRESTTimerThreadTest.java:74)
</error>
    <system-out><![CDATA[15:30:11.780 [main] DEBUG org.jboss.resteasy.resteasy_jaxrs.i18n - Provider : org.jboss.resteasy.plugins.providers.DocumentProvider,  Method : DocumentProvider
15:30:11.781 [main] DEBUG org.jboss.resteasy.resteasy_jaxrs.i18n - RESTEASY002330: Unable to retrieve config: expandEntityReferences defaults to false
15:30:11.782 [main] DEBUG org.jboss.resteasy.resteasy_jaxrs.i18n - RESTEASY002335: Unable to retrieve config: enableSecureProcessingFeature defaults to true
15:30:11.782 [main] DEBUG org.jboss.resteasy.resteasy_jaxrs.i18n - RESTEASY002325: Unable to retrieve config: disableDTDs defaults to true
15:30:11.782 [main] DEBUG org.jboss.resteasy.resteasy_jaxrs.i18n - Provider : org.jboss.resteasy.plugins.providers.DocumentProvider,  Method : DocumentProvider
15:30:11.784 [main] DEBUG org.jboss.resteasy.resteasy_jaxrs.i18n - RESTEASY002330: Unable to retrieve config: expandEntityReferences defaults to false
15:30:11.784 [main] DEBUG org.jboss.resteasy.resteasy_jaxrs.i18n - RESTEASY002335: Unable to retrieve config: enableSecureProcessingFeature defaults to true
15:30:11.784 [main] DEBUG org.jboss.resteasy.resteasy_jaxrs.i18n - RESTEASY002325: Unable to retrieve config: disableDTDs defaults to true
15:30:11.797 [main] DEBUG org.jboss.resteasy.resteasy_jaxrs.i18n - Interceptor Context: org.jboss.resteasy.core.interception.jaxrs.ClientReaderInterceptorContext,  Method : proceed
]]></system-out>
  </testcase>
  <testcase name="addTaskToReportModuleTest" classname="pl.infoshareacademy.reportService.UpdateRESTTimerThreadTest" time="0.163"/>
  <testcase name="getLastUpdateDatasTest" classname="pl.infoshareacademy.reportService.UpdateRESTTimerThreadTest" time="0.021"/>
</testsuite>